INFO:     Started server process [20460]
INFO:     Waiting for application startup.
INFO:     Application startup complete.
INFO:     Uvicorn running on http://0.0.0.0:8000 (Press CTRL+C to quit)
INFO:__main__:Final dates for analysis: [datetime.datetime(2025, 1, 1, 0, 0), datetime.datetime(2026, 1, 22, 0, 0)]
INFO:__main__:Fetching market data...
INFO:__main__:Building results dataframe...
INFO:__main__:Final dates for analysis: [datetime.datetime(2024, 12, 31, 0, 0), datetime.datetime(2025, 1, 31, 0, 0), datetime.datetime(2025, 2, 20, 0, 0), datetime.datetime(2025, 2, 26, 0, 0), datetime.datetime(2025, 2, 28, 0, 0), datetime.datetime(2025, 3, 31, 0, 0), datetime.datetime(2025, 4, 30, 0, 0), datetime.datetime(2025, 5, 31, 0, 0), datetime.datetime(2025, 6, 25, 0, 0), datetime.datetime(2025, 6, 30, 0, 0), datetime.datetime(2025, 7, 31, 0, 0), datetime.datetime(2025, 8, 27, 0, 0), datetime.datetime(2025, 8, 31, 0, 0), datetime.datetime(2025, 9, 3, 0, 0), datetime.datetime(2025, 9, 10, 0, 0), datetime.datetime(2025, 9, 30, 0, 0), datetime.datetime(2025, 10, 15, 0, 0), datetime.datetime(2025, 10, 27, 0, 0), datetime.datetime(2025, 10, 31, 0, 0), datetime.datetime(2025, 11, 17, 0, 0), datetime.datetime(2025, 11, 25, 0, 0), datetime.datetime(2025, 11, 26, 0, 0), datetime.datetime(2025, 11, 30, 0, 0), datetime.datetime(2025, 12, 4, 0, 0), datetime.datetime(2025, 12, 17, 0, 0), datetime.datetime(2025, 12, 31, 0, 0), datetime.datetime(2026, 1, 22, 0, 0)]
INFO:__main__:Fetching market data...
INFO:__main__:Building results dataframe...
INFO:__main__:Final dates for analysis: [datetime.datetime(2024, 12, 31, 0, 0), datetime.datetime(2025, 1, 31, 0, 0), datetime.datetime(2025, 2, 20, 0, 0), datetime.datetime(2025, 2, 26, 0, 0), datetime.datetime(2025, 2, 28, 0, 0), datetime.datetime(2025, 3, 31, 0, 0), datetime.datetime(2025, 4, 30, 0, 0), datetime.datetime(2025, 5, 31, 0, 0), datetime.datetime(2025, 6, 25, 0, 0), datetime.datetime(2025, 6, 30, 0, 0), datetime.datetime(2025, 7, 31, 0, 0), datetime.datetime(2025, 8, 27, 0, 0), datetime.datetime(2025, 8, 31, 0, 0), datetime.datetime(2025, 9, 3, 0, 0), datetime.datetime(2025, 9, 10, 0, 0), datetime.datetime(2025, 9, 30, 0, 0), datetime.datetime(2025, 10, 15, 0, 0), datetime.datetime(2025, 10, 27, 0, 0), datetime.datetime(2025, 10, 31, 0, 0), datetime.datetime(2025, 11, 17, 0, 0), datetime.datetime(2025, 11, 25, 0, 0), datetime.datetime(2025, 11, 26, 0, 0), datetime.datetime(2025, 11, 30, 0, 0), datetime.datetime(2025, 12, 4, 0, 0), datetime.datetime(2025, 12, 17, 0, 0), datetime.datetime(2025, 12, 31, 0, 0), datetime.datetime(2026, 1, 22, 0, 0)]
INFO:__main__:Fetching market data...
INFO:__main__:Building results dataframe...
WARNING:__main__:Failed to fetch info for TDB3173: HTTP Error 404: 
WARNING:__main__:Failed to fetch info for BIP791: HTTP Error 404: 
WARNING:__main__:Failed to fetch info for MFC8625: HTTP Error 404: 
WARNING:__main__:Failed to fetch info for BILLET US BANK: 'BILLET US BANK'
WARNING:__main__:Failed to fetch info for DYN245: HTTP Error 404: 
WARNING:__main__:Failed to fetch info for DJT03868: HTTP Error 404: 
WARNING:__main__:Failed to fetch info for TDB3173: HTTP Error 404: 
WARNING:__main__:Failed to fetch info for BIP791: HTTP Error 404: 
WARNING:__main__:Failed to fetch info for MFC8625: HTTP Error 404: 
WARNING:__main__:Failed to fetch info for BILLET US BANK: 'BILLET US BANK'
WARNING:__main__:Failed to fetch info for DYN245: HTTP Error 404: 
WARNING:__main__:Failed to fetch info for DJT03868: HTTP Error 404: 
INFO:__main__:Final dates for analysis: [datetime.datetime(2024, 12, 31, 0, 0), datetime.datetime(2025, 1, 31, 0, 0), datetime.datetime(2025, 2, 20, 0, 0), datetime.datetime(2025, 2, 26, 0, 0), datetime.datetime(2025, 2, 28, 0, 0), datetime.datetime(2025, 3, 31, 0, 0), datetime.datetime(2025, 4, 30, 0, 0), datetime.datetime(2025, 5, 31, 0, 0), datetime.datetime(2025, 6, 25, 0, 0), datetime.datetime(2025, 6, 30, 0, 0), datetime.datetime(2025, 7, 31, 0, 0), datetime.datetime(2025, 8, 27, 0, 0), datetime.datetime(2025, 8, 31, 0, 0), datetime.datetime(2025, 9, 3, 0, 0), datetime.datetime(2025, 9, 10, 0, 0), datetime.datetime(2025, 9, 30, 0, 0), datetime.datetime(2025, 10, 15, 0, 0), datetime.datetime(2025, 10, 27, 0, 0), datetime.datetime(2025, 10, 31, 0, 0), datetime.datetime(2025, 11, 17, 0, 0), datetime.datetime(2025, 11, 25, 0, 0), datetime.datetime(2025, 11, 26, 0, 0), datetime.datetime(2025, 11, 30, 0, 0), datetime.datetime(2025, 12, 4, 0, 0), datetime.datetime(2025, 12, 17, 0, 0), datetime.datetime(2025, 12, 31, 0, 0), datetime.datetime(2026, 1, 22, 0, 0)]
INFO:__main__:Fetching market data...
INFO:__main__:Building results dataframe...
WARNING:__main__:Failed to fetch info for TDB3173: HTTP Error 404: 
WARNING:__main__:Failed to fetch info for BIP791: HTTP Error 404: 
WARNING:__main__:Failed to fetch info for MFC8625: HTTP Error 404: 
WARNING:__main__:Failed to fetch info for BILLET US BANK: 'BILLET US BANK'
WARNING:__main__:Failed to fetch info for DYN245: HTTP Error 404: 
WARNING:__main__:Failed to fetch info for DJT03868: HTTP Error 404: 
WARNING:__main__:Failed to fetch info for TDB3173: HTTP Error 404: 
WARNING:__main__:Failed to fetch info for BIP791: HTTP Error 404: 
WARNING:__main__:Failed to fetch info for MFC8625: HTTP Error 404: 
WARNING:__main__:Failed to fetch info for BILLET US BANK: 'BILLET US BANK'
WARNING:__main__:Failed to fetch info for DYN245: HTTP Error 404: 
WARNING:__main__:Failed to fetch info for DJT03868: HTTP Error 404: 
